[10:48:21 ERR] An unhandled exception has occurred while executing the request.
Swashbuckle.AspNetCore.SwaggerGen.SwaggerGeneratorException: Failed to generate Operation for action - App.Site.Controllers.Advertisement.LoadAdvertisements (App.Site). See inner exception
 ---> Swashbuckle.AspNetCore.SwaggerGen.SwaggerGeneratorException: Failed to generate schema for type - App.Compoment.Enterprise.Site.Advertisement.AdvertisementPositions[]. See inner exception
 ---> System.TypeLoadException: Could not load type 'Invalid_Token.0x020000B8' from assembly 'App.Compoment.Enterprise, Version=1.0.0.0, Culture=neutral, PublicKeyToken=null'.
   at System.Signature.GetSignature(Void* pCorSig, Int32 cCorSig, RuntimeFieldHandleInternal fieldHandle, IRuntimeMethodInfo methodHandle, RuntimeType declaringType)
   at System.Signature..ctor(Void* pCorSig, Int32 cCorSig, RuntimeType declaringType)
   at System.Reflection.RuntimePropertyInfo.get_Signature()
   at System.Reflection.RuntimePropertyInfo.EqualsSig(RuntimePropertyInfo target)
   at System.RuntimeType.RuntimeTypeCache.MemberInfoCache`1.PopulateProperties(Filter filter, RuntimeType declaringType, Dictionary`2 csPropertyInfos, Span`1 usedSlots, Boolean isInterface, ListBuilder`1& list)
   at System.RuntimeType.RuntimeTypeCache.MemberInfoCache`1.PopulateProperties(Filter filter)
   at System.RuntimeType.RuntimeTypeCache.MemberInfoCache`1.GetListByName(Char* pName, Int32 cNameLen, Byte* pUtf8Name, Int32 cUtf8Name, MemberListType listType, CacheType cacheType)
   at System.RuntimeType.RuntimeTypeCache.MemberInfoCache`1.Populate(String name, MemberListType listType, CacheType cacheType)
   at System.RuntimeType.GetPropertyCandidates(String name, BindingFlags bindingAttr, Type[] types, Boolean allowPrefixLookup)
   at System.RuntimeType.GetProperties(BindingFlags bindingAttr)
   at Swashbuckle.AspNetCore.SwaggerGen.JsonSerializerDataContractResolver.GetDataPropertiesFor(Type objectType, Type& extensionDataType)
   at Swashbuckle.AspNetCore.SwaggerGen.JsonSerializerDataContractResolver.GetDataContractForType(Type type)
   at Swashbuckle.AspNetCore.SwaggerGen.SchemaGenerator.GenerateSchemaForType(Type modelType, SchemaRepository schemaRepository)
   at Swashbuckle.AspNetCore.SwaggerGen.SchemaGenerator.CreateArraySchema(DataContract dataContract, SchemaRepository schemaRepository)
   at Swashbuckle.AspNetCore.SwaggerGen.SchemaGenerator.<>c__DisplayClass10_0.<GenerateConcreteSchema>b__1()
   at Swashbuckle.AspNetCore.SwaggerGen.SchemaGenerator.GenerateConcreteSchema(DataContract dataContract, SchemaRepository schemaRepository)
   at Swashbuckle.AspNetCore.SwaggerGen.SchemaGenerator.GenerateSchemaForMember(Type modelType, SchemaRepository schemaRepository, MemberInfo memberInfo, DataProperty dataProperty)
   at Swashbuckle.AspNetCore.SwaggerGen.SchemaGenerator.CreateObjectSchema(DataContract dataContract, SchemaRepository schemaRepository)
   at Swashbuckle.AspNetCore.SwaggerGen.SchemaGenerator.<>c__DisplayClass10_0.<GenerateConcreteSchema>b__3()
   at Swashbuckle.AspNetCore.SwaggerGen.SchemaGenerator.GenerateReferencedSchema(DataContract dataContract, SchemaRepository schemaRepository, Func`1 definitionFactory)
   at Swashbuckle.AspNetCore.SwaggerGen.SchemaGenerator.GenerateConcreteSchema(DataContract dataContract, SchemaRepository schemaRepository)
   at Swashbuckle.AspNetCore.SwaggerGen.SchemaGenerator.GenerateSchemaForType(Type modelType, SchemaRepository schemaRepository)
   at Swashbuckle.AspNetCore.SwaggerGen.SchemaGenerator.CreateArraySchema(DataContract dataContract, SchemaRepository schemaRepository)
   at Swashbuckle.AspNetCore.SwaggerGen.SchemaGenerator.<>c__DisplayClass10_0.<GenerateConcreteSchema>b__1()
   at Swashbuckle.AspNetCore.SwaggerGen.SchemaGenerator.GenerateConcreteSchema(DataContract dataContract, SchemaRepository schemaRepository)
   at Swashbuckle.AspNetCore.SwaggerGen.SchemaGenerator.GenerateSchemaForType(Type modelType, SchemaRepository schemaRepository)
   at Swashbuckle.AspNetCore.SwaggerGen.SwaggerGenerator.GenerateSchema(Type type, SchemaRepository schemaRepository, PropertyInfo propertyInfo, ParameterInfo parameterInfo, ApiParameterRouteInfo routeInfo)
   --- End of inner exception stack trace ---
   at Swashbuckle.AspNetCore.SwaggerGen.SwaggerGenerator.GenerateSchema(Type type, SchemaRepository schemaRepository, PropertyInfo propertyInfo, ParameterInfo parameterInfo, ApiParameterRouteInfo routeInfo)
   at Swashbuckle.AspNetCore.SwaggerGen.SwaggerGenerator.CreateResponseMediaType(ModelMetadata modelMetadata, SchemaRepository schemaRespository)
   at Swashbuckle.AspNetCore.SwaggerGen.SwaggerGenerator.<>c__DisplayClass25_0.<GenerateResponse>b__2(String contentType)
   at System.Linq.Enumerable.ToDictionary[TSource,TKey,TElement](IEnumerable`1 source, Func`2 keySelector, Func`2 elementSelector, IEqualityComparer`1 comparer)
   at System.Linq.Enumerable.ToDictionary[TSource,TKey,TElement](IEnumerable`1 source, Func`2 keySelector, Func`2 elementSelector)
   at Swashbuckle.AspNetCore.SwaggerGen.SwaggerGenerator.GenerateResponse(ApiDescription apiDescription, SchemaRepository schemaRepository, String statusCode, ApiResponseType apiResponseType)
   at Swashbuckle.AspNetCore.SwaggerGen.SwaggerGenerator.GenerateResponses(ApiDescription apiDescription, SchemaRepository schemaRepository)
   at Swashbuckle.AspNetCore.SwaggerGen.SwaggerGenerator.GenerateOperation(ApiDescription apiDescription, SchemaRepository schemaRepository)
   --- End of inner exception stack trace ---
   at Swashbuckle.AspNetCore.SwaggerGen.SwaggerGenerator.GenerateOperation(ApiDescription apiDescription, SchemaRepository schemaRepository)
   at Swashbuckle.AspNetCore.SwaggerGen.SwaggerGenerator.GenerateOperations(IEnumerable`1 apiDescriptions, SchemaRepository schemaRepository)
   at Swashbuckle.AspNetCore.SwaggerGen.SwaggerGenerator.GeneratePaths(IEnumerable`1 apiDescriptions, SchemaRepository schemaRepository)
   at Swashbuckle.AspNetCore.SwaggerGen.SwaggerGenerator.GetSwaggerDocumentWithoutFilters(String documentName, String host, String basePath)
   at Swashbuckle.AspNetCore.SwaggerGen.SwaggerGenerator.GetSwaggerAsync(String documentName, String host, String basePath)
   at Swashbuckle.AspNetCore.Swagger.SwaggerMiddleware.Invoke(HttpContext httpContext, ISwaggerProvider swaggerProvider)
   at Microsoft.AspNetCore.Diagnostics.DeveloperExceptionPageMiddlewareImpl.Invoke(HttpContext context)
[12:03:33 ERR] An unhandled exception has occurred while executing the request.
Newtonsoft.Json.JsonSerializationException: Error getting value from 'Result' on 'System.Runtime.CompilerServices.AsyncTaskMethodBuilder`1+AsyncStateMachineBox`1[App.Compoment.Enterprise.Site.Advertisement.AdvertisementPositions,App.Site.Data.BaseService.AdvertisementManager+<>c__DisplayClass9_0+<<LoadAdvertisements>b__1>d]'.
 ---> System.AggregateException: One or more errors occurred. (Unable to cast object of type 'System.String' to type 'App.Compoment.Enterprise.Site.Advertisement.AdvertisementsLangugeImages'.)
 ---> System.InvalidCastException: Unable to cast object of type 'System.String' to type 'App.Compoment.Enterprise.Site.Advertisement.AdvertisementsLangugeImages'.
   at Ivony.Data.DbValueConverter.ConvertObject[T](Object value)
   at Ivony.Data.DbValueConverter.ConvertFrom[T](Object value, String dataTypeName)
   at Ivony.Data.EntityExtensions.FieldValue[T](DataRow dataRow, DataColumn column)
   at Ivony.Data.EntityExtensions.FieldValue[T](DataRow dataRow, String columnName)
   at App.Site.Data.BaseService.AdvertisementManager.<getAdvertisings>b__11_0(DataRow item) in D:\Appservice\src\Services\Site\src\App.Site.Data\BaseService\AdvertisementManager.cs:line 114
   at Dennis.Data.MySqlEntityExtensions.<>c__DisplayClass5_0`1.<ExecuteEntitiesAsync>b__0(DataRow dataItem) in E:\tvc\DbUtility-develop\Sources\Ivony.Data.MySql\EntityExtensions.cs:line 108
   at System.Linq.Enumerable.SelectEnumerableIterator`2.ToArray()
   at Dennis.Data.MySqlEntityExtensions.ExecuteEntitiesAsync[T](IMySqlAsyncDbExecutableQuery query, Func`2 converter, CancellationToken token) in E:\tvc\DbUtility-develop\Sources\Ivony.Data.MySql\EntityExtensions.cs:line 0
   at App.Site.Data.BaseService.AdvertisementManager.getAdvertisings(String positionCode, Int32 quantity, String catalogCode) in D:\Appservice\src\Services\Site\src\App.Site.Data\BaseService\AdvertisementManager.cs:line 111
   at App.Site.Data.BaseService.AdvertisementManager.<>c__DisplayClass9_0.<<LoadAdvertisements>b__1>d.MoveNext() in D:\Appservice\src\Services\Site\src\App.Site.Data\BaseService\AdvertisementManager.cs:line 75
   --- End of inner exception stack trace ---
   at System.Threading.Tasks.Task.ThrowIfExceptional(Boolean includeTaskCanceledExceptions)
   at System.Threading.Tasks.Task`1.GetResultCore(Boolean waitCompletionNotification)
   at Newtonsoft.Json.Serialization.ExpressionValueProvider.GetValue(Object target)
   --- End of inner exception stack trace ---
   at Newtonsoft.Json.Serialization.ExpressionValueProvider.GetValue(Object target)
   at Newtonsoft.Json.Serialization.JsonSerializerInternalWriter.CalculatePropertyValues(JsonWriter writer, Object value, JsonContainerContract contract, JsonProperty member, JsonProperty property, JsonContract& memberContract, Object& memberValue)
   at Newtonsoft.Json.Serialization.JsonSerializerInternalWriter.SerializeObject(JsonWriter writer, Object value, JsonObjectContract contract, JsonProperty member, JsonContainerContract collectionContract, JsonProperty containerProperty)
   at Newtonsoft.Json.Serialization.JsonSerializerInternalWriter.SerializeValue(JsonWriter writer, Object value, JsonContract valueContract, JsonProperty member, JsonContainerContract containerContract, JsonProperty containerProperty)
   at Newtonsoft.Json.Serialization.JsonSerializerInternalWriter.SerializeList(JsonWriter writer, IEnumerable values, JsonArrayContract contract, JsonProperty member, JsonContainerContract collectionContract, JsonProperty containerProperty)
   at Newtonsoft.Json.Serialization.JsonSerializerInternalWriter.SerializeValue(JsonWriter writer, Object value, JsonContract valueContract, JsonProperty member, JsonContainerContract containerContract, JsonProperty containerProperty)
   at Newtonsoft.Json.Serialization.JsonSerializerInternalWriter.Serialize(JsonWriter jsonWriter, Object value, Type objectType)
   at Newtonsoft.Json.JsonSerializer.SerializeInternal(JsonWriter jsonWriter, Object value, Type objectType)
   at Newtonsoft.Json.JsonSerializer.Serialize(JsonWriter jsonWriter, Object value, Type objectType)
   at Newtonsoft.Json.JsonConvert.SerializeObjectInternal(Object value, Type type, JsonSerializer jsonSerializer)
   at Newtonsoft.Json.JsonConvert.SerializeObject(Object value, Type type, Formatting formatting, JsonSerializerSettings settings)
   at Newtonsoft.Json.JsonConvert.SerializeObject(Object value, Formatting formatting, JsonSerializerSettings settings)
   at DMS.Common.JsonHandler.JsonSerializerExtensions.SerializeObject(Object obj)
   at App.compoment.Cache.Redis.RedisRepository.SetAsync(String key, Object value, Nullable`1 expiry) in D:\Appservice\src\Conpoment\App.compoment.Cache\Redis\RedisRepository.cs:line 57
   at App.Site.Data.BaseService.AdvertisementManager.LoadAdvertisements(String pageType, String catalogCode) in D:\Appservice\src\Services\Site\src\App.Site.Data\BaseService\AdvertisementManager.cs:line 86
   at App.Site.Core.RepositoryAdvertisement.LoadAdvertisements(String pageType, String catalogCode) in D:\Appservice\src\Services\Site\src\App.Site.Core\RepositoryAdvertisement.cs:line 19
   at App.Site.Controllers.Advertisement.LoadAdvertisements(String pageType, String catalogCode) in D:\Appservice\src\Services\Site\src\App.Site\Controllers\Advertisement.cs:line 29
   at lambda_method6(Closure, Object)
   at Microsoft.AspNetCore.Mvc.Infrastructure.ActionMethodExecutor.AwaitableObjectResultExecutor.Execute(ActionContext actionContext, IActionResultTypeMapper mapper, ObjectMethodExecutor executor, Object controller, Object[] arguments)
   at Microsoft.AspNetCore.Mvc.Infrastructure.ControllerActionInvoker.<InvokeActionMethodAsync>g__Logged|12_1(ControllerActionInvoker invoker)
   at Microsoft.AspNetCore.Mvc.Infrastructure.ControllerActionInvoker.<InvokeNextActionFilterAsync>g__Awaited|10_0(ControllerActionInvoker invoker, Task lastTask, State next, Scope scope, Object state, Boolean isCompleted)
   at Microsoft.AspNetCore.Mvc.Infrastructure.ControllerActionInvoker.Rethrow(ActionExecutedContextSealed context)
   at Microsoft.AspNetCore.Mvc.Infrastructure.ControllerActionInvoker.Next(State& next, Scope& scope, Object& state, Boolean& isCompleted)
   at Microsoft.AspNetCore.Mvc.Infrastructure.ControllerActionInvoker.<InvokeInnerFilterAsync>g__Awaited|13_0(ControllerActionInvoker invoker, Task lastTask, State next, Scope scope, Object state, Boolean isCompleted)
   at Microsoft.AspNetCore.Mvc.Infrastructure.ResourceInvoker.<InvokeFilterPipelineAsync>g__Awaited|20_0(ResourceInvoker invoker, Task lastTask, State next, Scope scope, Object state, Boolean isCompleted)
   at Microsoft.AspNetCore.Mvc.Infrastructure.ResourceInvoker.<InvokeAsync>g__Logged|17_1(ResourceInvoker invoker)
   at Microsoft.AspNetCore.Mvc.Infrastructure.ResourceInvoker.<InvokeAsync>g__Logged|17_1(ResourceInvoker invoker)
   at Microsoft.AspNetCore.Routing.EndpointMiddleware.<Invoke>g__AwaitRequestTask|6_0(Endpoint endpoint, Task requestTask, ILogger logger)
   at Swashbuckle.AspNetCore.SwaggerUI.SwaggerUIMiddleware.Invoke(HttpContext httpContext)
   at Microsoft.AspNetCore.Authorization.AuthorizationMiddleware.Invoke(HttpContext context)
   at Microsoft.AspNetCore.Authentication.AuthenticationMiddleware.Invoke(HttpContext context)
   at Swashbuckle.AspNetCore.SwaggerUI.SwaggerUIMiddleware.Invoke(HttpContext httpContext)
   at Swashbuckle.AspNetCore.Swagger.SwaggerMiddleware.Invoke(HttpContext httpContext, ISwaggerProvider swaggerProvider)
   at Microsoft.AspNetCore.Diagnostics.DeveloperExceptionPageMiddlewareImpl.Invoke(HttpContext context)
[12:05:23 ERR] An unhandled exception has occurred while executing the request.
Newtonsoft.Json.JsonSerializationException: Error getting value from 'Result' on 'System.Runtime.CompilerServices.AsyncTaskMethodBuilder`1+AsyncStateMachineBox`1[App.Compoment.Enterprise.Site.Advertisement.AdvertisementPositions,App.Site.Data.BaseService.AdvertisementManager+<>c__DisplayClass9_0+<<LoadAdvertisements>b__1>d]'.
 ---> System.AggregateException: One or more errors occurred. (Unable to cast object of type 'System.String' to type 'App.Compoment.Enterprise.Site.Advertisement.AdvertisementsLangugeImages'.)
 ---> System.InvalidCastException: Unable to cast object of type 'System.String' to type 'App.Compoment.Enterprise.Site.Advertisement.AdvertisementsLangugeImages'.
   at Ivony.Data.DbValueConverter.ConvertObject[T](Object value)
   at Ivony.Data.DbValueConverter.ConvertFrom[T](Object value, String dataTypeName)
   at Ivony.Data.EntityExtensions.FieldValue[T](DataRow dataRow, DataColumn column)
   at Ivony.Data.EntityExtensions.FieldValue[T](DataRow dataRow, String columnName)
   at App.Site.Data.BaseService.AdvertisementManager.<getAdvertisings>b__11_0(DataRow item) in D:\Appservice\src\Services\Site\src\App.Site.Data\BaseService\AdvertisementManager.cs:line 114
   at Dennis.Data.MySqlEntityExtensions.<>c__DisplayClass5_0`1.<ExecuteEntitiesAsync>b__0(DataRow dataItem) in E:\tvc\DbUtility-develop\Sources\Ivony.Data.MySql\EntityExtensions.cs:line 108
   at System.Linq.Enumerable.SelectEnumerableIterator`2.ToArray()
   at Dennis.Data.MySqlEntityExtensions.ExecuteEntitiesAsync[T](IMySqlAsyncDbExecutableQuery query, Func`2 converter, CancellationToken token) in E:\tvc\DbUtility-develop\Sources\Ivony.Data.MySql\EntityExtensions.cs:line 0
   at App.Site.Data.BaseService.AdvertisementManager.getAdvertisings(String positionCode, Int32 quantity, String catalogCode) in D:\Appservice\src\Services\Site\src\App.Site.Data\BaseService\AdvertisementManager.cs:line 111
   at App.Site.Data.BaseService.AdvertisementManager.<>c__DisplayClass9_0.<<LoadAdvertisements>b__1>d.MoveNext() in D:\Appservice\src\Services\Site\src\App.Site.Data\BaseService\AdvertisementManager.cs:line 75
   --- End of inner exception stack trace ---
   at System.Threading.Tasks.Task.ThrowIfExceptional(Boolean includeTaskCanceledExceptions)
   at System.Threading.Tasks.Task`1.GetResultCore(Boolean waitCompletionNotification)
   at Newtonsoft.Json.Serialization.ExpressionValueProvider.GetValue(Object target)
   --- End of inner exception stack trace ---
   at Newtonsoft.Json.Serialization.ExpressionValueProvider.GetValue(Object target)
   at Newtonsoft.Json.Serialization.JsonSerializerInternalWriter.CalculatePropertyValues(JsonWriter writer, Object value, JsonContainerContract contract, JsonProperty member, JsonProperty property, JsonContract& memberContract, Object& memberValue)
   at Newtonsoft.Json.Serialization.JsonSerializerInternalWriter.SerializeObject(JsonWriter writer, Object value, JsonObjectContract contract, JsonProperty member, JsonContainerContract collectionContract, JsonProperty containerProperty)
   at Newtonsoft.Json.Serialization.JsonSerializerInternalWriter.SerializeValue(JsonWriter writer, Object value, JsonContract valueContract, JsonProperty member, JsonContainerContract containerContract, JsonProperty containerProperty)
   at Newtonsoft.Json.Serialization.JsonSerializerInternalWriter.SerializeList(JsonWriter writer, IEnumerable values, JsonArrayContract contract, JsonProperty member, JsonContainerContract collectionContract, JsonProperty containerProperty)
   at Newtonsoft.Json.Serialization.JsonSerializerInternalWriter.SerializeValue(JsonWriter writer, Object value, JsonContract valueContract, JsonProperty member, JsonContainerContract containerContract, JsonProperty containerProperty)
   at Newtonsoft.Json.Serialization.JsonSerializerInternalWriter.Serialize(JsonWriter jsonWriter, Object value, Type objectType)
   at Newtonsoft.Json.JsonSerializer.SerializeInternal(JsonWriter jsonWriter, Object value, Type objectType)
   at Newtonsoft.Json.JsonSerializer.Serialize(JsonWriter jsonWriter, Object value, Type objectType)
   at Newtonsoft.Json.JsonConvert.SerializeObjectInternal(Object value, Type type, JsonSerializer jsonSerializer)
   at Newtonsoft.Json.JsonConvert.SerializeObject(Object value, Type type, Formatting formatting, JsonSerializerSettings settings)
   at Newtonsoft.Json.JsonConvert.SerializeObject(Object value, Formatting formatting, JsonSerializerSettings settings)
   at DMS.Common.JsonHandler.JsonSerializerExtensions.SerializeObject(Object obj)
   at App.compoment.Cache.Redis.RedisRepository.SetAsync(String key, Object value, Nullable`1 expiry) in D:\Appservice\src\Conpoment\App.compoment.Cache\Redis\RedisRepository.cs:line 57
   at App.Site.Data.BaseService.AdvertisementManager.LoadAdvertisements(String pageType, String catalogCode) in D:\Appservice\src\Services\Site\src\App.Site.Data\BaseService\AdvertisementManager.cs:line 86
   at App.Site.Core.RepositoryAdvertisement.LoadAdvertisements(String pageType, String catalogCode) in D:\Appservice\src\Services\Site\src\App.Site.Core\RepositoryAdvertisement.cs:line 19
   at App.Site.Controllers.Advertisement.LoadAdvertisements(String pageType, String catalogCode) in D:\Appservice\src\Services\Site\src\App.Site\Controllers\Advertisement.cs:line 29
   at lambda_method6(Closure, Object)
   at Microsoft.AspNetCore.Mvc.Infrastructure.ActionMethodExecutor.AwaitableObjectResultExecutor.Execute(ActionContext actionContext, IActionResultTypeMapper mapper, ObjectMethodExecutor executor, Object controller, Object[] arguments)
   at Microsoft.AspNetCore.Mvc.Infrastructure.ControllerActionInvoker.<InvokeActionMethodAsync>g__Logged|12_1(ControllerActionInvoker invoker)
   at Microsoft.AspNetCore.Mvc.Infrastructure.ControllerActionInvoker.<InvokeNextActionFilterAsync>g__Awaited|10_0(ControllerActionInvoker invoker, Task lastTask, State next, Scope scope, Object state, Boolean isCompleted)
   at Microsoft.AspNetCore.Mvc.Infrastructure.ControllerActionInvoker.Rethrow(ActionExecutedContextSealed context)
   at Microsoft.AspNetCore.Mvc.Infrastructure.ControllerActionInvoker.Next(State& next, Scope& scope, Object& state, Boolean& isCompleted)
   at Microsoft.AspNetCore.Mvc.Infrastructure.ControllerActionInvoker.<InvokeInnerFilterAsync>g__Awaited|13_0(ControllerActionInvoker invoker, Task lastTask, State next, Scope scope, Object state, Boolean isCompleted)
   at Microsoft.AspNetCore.Mvc.Infrastructure.ResourceInvoker.<InvokeFilterPipelineAsync>g__Awaited|20_0(ResourceInvoker invoker, Task lastTask, State next, Scope scope, Object state, Boolean isCompleted)
   at Microsoft.AspNetCore.Mvc.Infrastructure.ResourceInvoker.<InvokeAsync>g__Logged|17_1(ResourceInvoker invoker)
   at Microsoft.AspNetCore.Mvc.Infrastructure.ResourceInvoker.<InvokeAsync>g__Logged|17_1(ResourceInvoker invoker)
   at Microsoft.AspNetCore.Routing.EndpointMiddleware.<Invoke>g__AwaitRequestTask|6_0(Endpoint endpoint, Task requestTask, ILogger logger)
   at Swashbuckle.AspNetCore.SwaggerUI.SwaggerUIMiddleware.Invoke(HttpContext httpContext)
   at Microsoft.AspNetCore.Authorization.AuthorizationMiddleware.Invoke(HttpContext context)
   at Microsoft.AspNetCore.Authentication.AuthenticationMiddleware.Invoke(HttpContext context)
   at Swashbuckle.AspNetCore.SwaggerUI.SwaggerUIMiddleware.Invoke(HttpContext httpContext)
   at Swashbuckle.AspNetCore.Swagger.SwaggerMiddleware.Invoke(HttpContext httpContext, ISwaggerProvider swaggerProvider)
   at Microsoft.AspNetCore.Diagnostics.DeveloperExceptionPageMiddlewareImpl.Invoke(HttpContext context)
[12:05:41 ERR] An unhandled exception has occurred while executing the request.
Newtonsoft.Json.JsonSerializationException: Error getting value from 'Result' on 'System.Runtime.CompilerServices.AsyncTaskMethodBuilder`1+AsyncStateMachineBox`1[App.Compoment.Enterprise.Site.Advertisement.AdvertisementPositions,App.Site.Data.BaseService.AdvertisementManager+<>c__DisplayClass9_0+<<LoadAdvertisements>b__1>d]'.
 ---> System.AggregateException: One or more errors occurred. (Unable to cast object of type 'System.String' to type 'App.Compoment.Enterprise.Site.Advertisement.AdvertisementsLangugeImages'.)
 ---> System.InvalidCastException: Unable to cast object of type 'System.String' to type 'App.Compoment.Enterprise.Site.Advertisement.AdvertisementsLangugeImages'.
   at Ivony.Data.DbValueConverter.ConvertObject[T](Object value)
   at Ivony.Data.EntityExtensions.FieldValue[T](DataRow dataRow, DataColumn column)
   at App.Site.Data.BaseService.AdvertisementManager.<getAdvertisings>b__11_0(DataRow item) in D:\Appservice\src\Services\Site\src\App.Site.Data\BaseService\AdvertisementManager.cs:line 114
   at Dennis.Data.MySqlEntityExtensions.<>c__DisplayClass5_0`1.<ExecuteEntitiesAsync>b__0(DataRow dataItem) in E:\tvc\DbUtility-develop\Sources\Ivony.Data.MySql\EntityExtensions.cs:line 108
   at System.Linq.Enumerable.SelectEnumerableIterator`2.ToArray()
   at Dennis.Data.MySqlEntityExtensions.ExecuteEntitiesAsync[T](IMySqlAsyncDbExecutableQuery query, Func`2 converter, CancellationToken token) in E:\tvc\DbUtility-develop\Sources\Ivony.Data.MySql\EntityExtensions.cs:line 0
   at App.Site.Data.BaseService.AdvertisementManager.getAdvertisings(String positionCode, Int32 quantity, String catalogCode) in D:\Appservice\src\Services\Site\src\App.Site.Data\BaseService\AdvertisementManager.cs:line 111
   at App.Site.Data.BaseService.AdvertisementManager.<>c__DisplayClass9_0.<<LoadAdvertisements>b__1>d.MoveNext() in D:\Appservice\src\Services\Site\src\App.Site.Data\BaseService\AdvertisementManager.cs:line 75
   --- End of inner exception stack trace ---
   at System.Threading.Tasks.Task.ThrowIfExceptional(Boolean includeTaskCanceledExceptions)
   at System.Threading.Tasks.Task`1.GetResultCore(Boolean waitCompletionNotification)
   at Newtonsoft.Json.Serialization.ExpressionValueProvider.GetValue(Object target)
   --- End of inner exception stack trace ---
   at Newtonsoft.Json.Serialization.ExpressionValueProvider.GetValue(Object target)
   at Newtonsoft.Json.Serialization.JsonSerializerInternalWriter.CalculatePropertyValues(JsonWriter writer, Object value, JsonContainerContract contract, JsonProperty member, JsonProperty property, JsonContract& memberContract, Object& memberValue)
   at Newtonsoft.Json.Serialization.JsonSerializerInternalWriter.SerializeObject(JsonWriter writer, Object value, JsonObjectContract contract, JsonProperty member, JsonContainerContract collectionContract, JsonProperty containerProperty)
   at Newtonsoft.Json.Serialization.JsonSerializerInternalWriter.SerializeList(JsonWriter writer, IEnumerable values, JsonArrayContract contract, JsonProperty member, JsonContainerContract collectionContract, JsonProperty containerProperty)
   at Newtonsoft.Json.Serialization.JsonSerializerInternalWriter.Serialize(JsonWriter jsonWriter, Object value, Type objectType)
   at Newtonsoft.Json.JsonSerializer.SerializeInternal(JsonWriter jsonWriter, Object value, Type objectType)
   at Newtonsoft.Json.JsonSerializer.Serialize(JsonWriter jsonWriter, Object value, Type objectType)
   at Newtonsoft.Json.JsonConvert.SerializeObjectInternal(Object value, Type type, JsonSerializer jsonSerializer)
   at Newtonsoft.Json.JsonConvert.SerializeObject(Object value, Type type, Formatting formatting, JsonSerializerSettings settings)
   at Newtonsoft.Json.JsonConvert.SerializeObject(Object value, Formatting formatting, JsonSerializerSettings settings)
   at DMS.Common.JsonHandler.JsonSerializerExtensions.SerializeObject(Object obj)
   at App.compoment.Cache.Redis.RedisRepository.SetAsync(String key, Object value, Nullable`1 expiry) in D:\Appservice\src\Conpoment\App.compoment.Cache\Redis\RedisRepository.cs:line 57
   at App.Site.Data.BaseService.AdvertisementManager.LoadAdvertisements(String pageType, String catalogCode) in D:\Appservice\src\Services\Site\src\App.Site.Data\BaseService\AdvertisementManager.cs:line 86
   at App.Site.Core.RepositoryAdvertisement.LoadAdvertisements(String pageType, String catalogCode) in D:\Appservice\src\Services\Site\src\App.Site.Core\RepositoryAdvertisement.cs:line 19
   at App.Site.Controllers.Advertisement.LoadAdvertisements(String pageType, String catalogCode) in D:\Appservice\src\Services\Site\src\App.Site\Controllers\Advertisement.cs:line 29
   at lambda_method6(Closure, Object)
   at Microsoft.AspNetCore.Mvc.Infrastructure.ActionMethodExecutor.AwaitableObjectResultExecutor.Execute(ActionContext actionContext, IActionResultTypeMapper mapper, ObjectMethodExecutor executor, Object controller, Object[] arguments)
   at Microsoft.AspNetCore.Mvc.Infrastructure.ControllerActionInvoker.<InvokeActionMethodAsync>g__Logged|12_1(ControllerActionInvoker invoker)
   at Microsoft.AspNetCore.Mvc.Infrastructure.ControllerActionInvoker.<InvokeNextActionFilterAsync>g__Awaited|10_0(ControllerActionInvoker invoker, Task lastTask, State next, Scope scope, Object state, Boolean isCompleted)
   at Microsoft.AspNetCore.Mvc.Infrastructure.ControllerActionInvoker.Rethrow(ActionExecutedContextSealed context)
   at Microsoft.AspNetCore.Mvc.Infrastructure.ControllerActionInvoker.Next(State& next, Scope& scope, Object& state, Boolean& isCompleted)
   at Microsoft.AspNetCore.Mvc.Infrastructure.ControllerActionInvoker.<InvokeInnerFilterAsync>g__Awaited|13_0(ControllerActionInvoker invoker, Task lastTask, State next, Scope scope, Object state, Boolean isCompleted)
   at Microsoft.AspNetCore.Mvc.Infrastructure.ResourceInvoker.<InvokeFilterPipelineAsync>g__Awaited|20_0(ResourceInvoker invoker, Task lastTask, State next, Scope scope, Object state, Boolean isCompleted)
   at Microsoft.AspNetCore.Mvc.Infrastructure.ResourceInvoker.<InvokeAsync>g__Logged|17_1(ResourceInvoker invoker)
   at Microsoft.AspNetCore.Mvc.Infrastructure.ResourceInvoker.<InvokeAsync>g__Logged|17_1(ResourceInvoker invoker)
   at Microsoft.AspNetCore.Routing.EndpointMiddleware.<Invoke>g__AwaitRequestTask|6_0(Endpoint endpoint, Task requestTask, ILogger logger)
   at Swashbuckle.AspNetCore.SwaggerUI.SwaggerUIMiddleware.Invoke(HttpContext httpContext)
   at Microsoft.AspNetCore.Authorization.AuthorizationMiddleware.Invoke(HttpContext context)
   at Microsoft.AspNetCore.Authentication.AuthenticationMiddleware.Invoke(HttpContext context)
   at Swashbuckle.AspNetCore.SwaggerUI.SwaggerUIMiddleware.Invoke(HttpContext httpContext)
   at Swashbuckle.AspNetCore.Swagger.SwaggerMiddleware.Invoke(HttpContext httpContext, ISwaggerProvider swaggerProvider)
   at Microsoft.AspNetCore.Diagnostics.DeveloperExceptionPageMiddlewareImpl.Invoke(HttpContext context)
[12:05:52 ERR] An unhandled exception has occurred while executing the request.
Newtonsoft.Json.JsonSerializationException: Error getting value from 'Result' on 'System.Runtime.CompilerServices.AsyncTaskMethodBuilder`1+AsyncStateMachineBox`1[App.Compoment.Enterprise.Site.Advertisement.AdvertisementPositions,App.Site.Data.BaseService.AdvertisementManager+<>c__DisplayClass9_0+<<LoadAdvertisements>b__1>d]'.
 ---> System.AggregateException: One or more errors occurred. (Unable to cast object of type 'System.String' to type 'App.Compoment.Enterprise.Site.Advertisement.AdvertisementsLangugeImages'.)
 ---> System.InvalidCastException: Unable to cast object of type 'System.String' to type 'App.Compoment.Enterprise.Site.Advertisement.AdvertisementsLangugeImages'.
   at Ivony.Data.DbValueConverter.ConvertObject[T](Object value)
   at Ivony.Data.EntityExtensions.FieldValue[T](DataRow dataRow, DataColumn column)
   at App.Site.Data.BaseService.AdvertisementManager.<getAdvertisings>b__11_0(DataRow item) in D:\Appservice\src\Services\Site\src\App.Site.Data\BaseService\AdvertisementManager.cs:line 114
   at Dennis.Data.MySqlEntityExtensions.<>c__DisplayClass5_0`1.<ExecuteEntitiesAsync>b__0(DataRow dataItem) in E:\tvc\DbUtility-develop\Sources\Ivony.Data.MySql\EntityExtensions.cs:line 108
   at System.Linq.Enumerable.SelectEnumerableIterator`2.ToArray()
   at Dennis.Data.MySqlEntityExtensions.ExecuteEntitiesAsync[T](IMySqlAsyncDbExecutableQuery query, Func`2 converter, CancellationToken token) in E:\tvc\DbUtility-develop\Sources\Ivony.Data.MySql\EntityExtensions.cs:line 0
   at App.Site.Data.BaseService.AdvertisementManager.getAdvertisings(String positionCode, Int32 quantity, String catalogCode) in D:\Appservice\src\Services\Site\src\App.Site.Data\BaseService\AdvertisementManager.cs:line 111
   at App.Site.Data.BaseService.AdvertisementManager.<>c__DisplayClass9_0.<<LoadAdvertisements>b__1>d.MoveNext() in D:\Appservice\src\Services\Site\src\App.Site.Data\BaseService\AdvertisementManager.cs:line 75
   --- End of inner exception stack trace ---
   at System.Threading.Tasks.Task.ThrowIfExceptional(Boolean includeTaskCanceledExceptions)
   at System.Threading.Tasks.Task`1.GetResultCore(Boolean waitCompletionNotification)
   at Newtonsoft.Json.Serialization.ExpressionValueProvider.GetValue(Object target)
   --- End of inner exception stack trace ---
   at Newtonsoft.Json.Serialization.ExpressionValueProvider.GetValue(Object target)
   at Newtonsoft.Json.Serialization.JsonSerializerInternalWriter.CalculatePropertyValues(JsonWriter writer, Object value, JsonContainerContract contract, JsonProperty member, JsonProperty property, JsonContract& memberContract, Object& memberValue)
   at Newtonsoft.Json.Serialization.JsonSerializerInternalWriter.SerializeObject(JsonWriter writer, Object value, JsonObjectContract contract, JsonProperty member, JsonContainerContract collectionContract, JsonProperty containerProperty)
   at Newtonsoft.Json.Serialization.JsonSerializerInternalWriter.SerializeList(JsonWriter writer, IEnumerable values, JsonArrayContract contract, JsonProperty member, JsonContainerContract collectionContract, JsonProperty containerProperty)
   at Newtonsoft.Json.Serialization.JsonSerializerInternalWriter.Serialize(JsonWriter jsonWriter, Object value, Type objectType)
   at Newtonsoft.Json.JsonSerializer.SerializeInternal(JsonWriter jsonWriter, Object value, Type objectType)
   at Newtonsoft.Json.JsonSerializer.Serialize(JsonWriter jsonWriter, Object value, Type objectType)
   at Newtonsoft.Json.JsonConvert.SerializeObjectInternal(Object value, Type type, JsonSerializer jsonSerializer)
   at Newtonsoft.Json.JsonConvert.SerializeObject(Object value, Type type, Formatting formatting, JsonSerializerSettings settings)
   at Newtonsoft.Json.JsonConvert.SerializeObject(Object value, Formatting formatting, JsonSerializerSettings settings)
   at DMS.Common.JsonHandler.JsonSerializerExtensions.SerializeObject(Object obj)
   at App.compoment.Cache.Redis.RedisRepository.SetAsync(String key, Object value, Nullable`1 expiry) in D:\Appservice\src\Conpoment\App.compoment.Cache\Redis\RedisRepository.cs:line 57
   at App.Site.Data.BaseService.AdvertisementManager.LoadAdvertisements(String pageType, String catalogCode) in D:\Appservice\src\Services\Site\src\App.Site.Data\BaseService\AdvertisementManager.cs:line 86
   at App.Site.Core.RepositoryAdvertisement.LoadAdvertisements(String pageType, String catalogCode) in D:\Appservice\src\Services\Site\src\App.Site.Core\RepositoryAdvertisement.cs:line 19
   at App.Site.Controllers.Advertisement.LoadAdvertisements(String pageType, String catalogCode) in D:\Appservice\src\Services\Site\src\App.Site\Controllers\Advertisement.cs:line 29
   at lambda_method6(Closure, Object)
   at Microsoft.AspNetCore.Mvc.Infrastructure.ActionMethodExecutor.AwaitableObjectResultExecutor.Execute(ActionContext actionContext, IActionResultTypeMapper mapper, ObjectMethodExecutor executor, Object controller, Object[] arguments)
   at Microsoft.AspNetCore.Mvc.Infrastructure.ControllerActionInvoker.<InvokeActionMethodAsync>g__Logged|12_1(ControllerActionInvoker invoker)
   at Microsoft.AspNetCore.Mvc.Infrastructure.ControllerActionInvoker.<InvokeNextActionFilterAsync>g__Awaited|10_0(ControllerActionInvoker invoker, Task lastTask, State next, Scope scope, Object state, Boolean isCompleted)
   at Microsoft.AspNetCore.Mvc.Infrastructure.ControllerActionInvoker.Rethrow(ActionExecutedContextSealed context)
   at Microsoft.AspNetCore.Mvc.Infrastructure.ControllerActionInvoker.Next(State& next, Scope& scope, Object& state, Boolean& isCompleted)
   at Microsoft.AspNetCore.Mvc.Infrastructure.ControllerActionInvoker.<InvokeInnerFilterAsync>g__Awaited|13_0(ControllerActionInvoker invoker, Task lastTask, State next, Scope scope, Object state, Boolean isCompleted)
   at Microsoft.AspNetCore.Mvc.Infrastructure.ResourceInvoker.<InvokeFilterPipelineAsync>g__Awaited|20_0(ResourceInvoker invoker, Task lastTask, State next, Scope scope, Object state, Boolean isCompleted)
   at Microsoft.AspNetCore.Mvc.Infrastructure.ResourceInvoker.<InvokeAsync>g__Logged|17_1(ResourceInvoker invoker)
   at Microsoft.AspNetCore.Mvc.Infrastructure.ResourceInvoker.<InvokeAsync>g__Logged|17_1(ResourceInvoker invoker)
   at Microsoft.AspNetCore.Routing.EndpointMiddleware.<Invoke>g__AwaitRequestTask|6_0(Endpoint endpoint, Task requestTask, ILogger logger)
   at Swashbuckle.AspNetCore.SwaggerUI.SwaggerUIMiddleware.Invoke(HttpContext httpContext)
   at Microsoft.AspNetCore.Authorization.AuthorizationMiddleware.Invoke(HttpContext context)
   at Microsoft.AspNetCore.Authentication.AuthenticationMiddleware.Invoke(HttpContext context)
   at Swashbuckle.AspNetCore.SwaggerUI.SwaggerUIMiddleware.Invoke(HttpContext httpContext)
   at Swashbuckle.AspNetCore.Swagger.SwaggerMiddleware.Invoke(HttpContext httpContext, ISwaggerProvider swaggerProvider)
   at Microsoft.AspNetCore.Diagnostics.DeveloperExceptionPageMiddlewareImpl.Invoke(HttpContext context)
[12:07:29 ERR] An unhandled exception has occurred while executing the request.
System.AggregateException: One or more errors occurred. (Unable to cast object of type 'System.String' to type 'App.Compoment.Enterprise.Site.Advertisement.AdvertisementsLangugeImages'.)
 ---> System.InvalidCastException: Unable to cast object of type 'System.String' to type 'App.Compoment.Enterprise.Site.Advertisement.AdvertisementsLangugeImages'.
   at Ivony.Data.DbValueConverter.ConvertObject[T](Object value)
   at Ivony.Data.EntityExtensions.FieldValue[T](DataRow dataRow, DataColumn column)
   at App.Site.Data.BaseService.AdvertisementManager.<getAdvertisings>b__11_0(DataRow item)
   at Dennis.Data.MySqlEntityExtensions.<>c__DisplayClass5_0`1.<ExecuteEntitiesAsync>b__0(DataRow dataItem) in E:\tvc\DbUtility-develop\Sources\Ivony.Data.MySql\EntityExtensions.cs:line 108
   at System.Linq.Enumerable.SelectEnumerableIterator`2.ToArray()
   at Dennis.Data.MySqlEntityExtensions.ExecuteEntitiesAsync[T](IMySqlAsyncDbExecutableQuery query, Func`2 converter, CancellationToken token) in E:\tvc\DbUtility-develop\Sources\Ivony.Data.MySql\EntityExtensions.cs:line 0
   at App.Site.Data.BaseService.AdvertisementManager.getAdvertisings(String positionCode, Int32 quantity, String catalogCode)
   at App.Site.Data.BaseService.AdvertisementManager.<>c__DisplayClass9_0.<<LoadAdvertisements>b__1>d.MoveNext()
   --- End of inner exception stack trace ---
   at System.Threading.Tasks.Task.ThrowIfExceptional(Boolean includeTaskCanceledExceptions)
   at System.Threading.Tasks.Task`1.GetResultCore(Boolean waitCompletionNotification)
   at App.Site.Data.BaseService.AdvertisementManager.<>c.<LoadAdvertisements>b__9_0(Task`1 x)
   at System.Linq.Enumerable.SelectArrayIterator`2.ToArray()
   at App.Site.Data.BaseService.AdvertisementManager.LoadAdvertisements(String pageType, String catalogCode)
   at App.Site.Core.RepositoryAdvertisement.LoadAdvertisements(String pageType, String catalogCode) in D:\Appservice\src\Services\Site\src\App.Site.Core\RepositoryAdvertisement.cs:line 19
   at App.Site.Controllers.Advertisement.LoadAdvertisements(String pageType, String catalogCode) in D:\Appservice\src\Services\Site\src\App.Site\Controllers\Advertisement.cs:line 29
   at lambda_method6(Closure, Object)
   at Microsoft.AspNetCore.Mvc.Infrastructure.ActionMethodExecutor.AwaitableObjectResultExecutor.Execute(ActionContext actionContext, IActionResultTypeMapper mapper, ObjectMethodExecutor executor, Object controller, Object[] arguments)
   at Microsoft.AspNetCore.Mvc.Infrastructure.ControllerActionInvoker.<InvokeActionMethodAsync>g__Logged|12_1(ControllerActionInvoker invoker)
   at Microsoft.AspNetCore.Mvc.Infrastructure.ControllerActionInvoker.<InvokeNextActionFilterAsync>g__Awaited|10_0(ControllerActionInvoker invoker, Task lastTask, State next, Scope scope, Object state, Boolean isCompleted)
   at Microsoft.AspNetCore.Mvc.Infrastructure.ControllerActionInvoker.Rethrow(ActionExecutedContextSealed context)
   at Microsoft.AspNetCore.Mvc.Infrastructure.ControllerActionInvoker.Next(State& next, Scope& scope, Object& state, Boolean& isCompleted)
   at Microsoft.AspNetCore.Mvc.Infrastructure.ControllerActionInvoker.<InvokeInnerFilterAsync>g__Awaited|13_0(ControllerActionInvoker invoker, Task lastTask, State next, Scope scope, Object state, Boolean isCompleted)
   at Microsoft.AspNetCore.Mvc.Infrastructure.ResourceInvoker.<InvokeFilterPipelineAsync>g__Awaited|20_0(ResourceInvoker invoker, Task lastTask, State next, Scope scope, Object state, Boolean isCompleted)
   at Microsoft.AspNetCore.Mvc.Infrastructure.ResourceInvoker.<InvokeAsync>g__Logged|17_1(ResourceInvoker invoker)
   at Microsoft.AspNetCore.Mvc.Infrastructure.ResourceInvoker.<InvokeAsync>g__Logged|17_1(ResourceInvoker invoker)
   at Microsoft.AspNetCore.Routing.EndpointMiddleware.<Invoke>g__AwaitRequestTask|6_0(Endpoint endpoint, Task requestTask, ILogger logger)
   at Swashbuckle.AspNetCore.SwaggerUI.SwaggerUIMiddleware.Invoke(HttpContext httpContext)
   at Microsoft.AspNetCore.Authorization.AuthorizationMiddleware.Invoke(HttpContext context)
   at Microsoft.AspNetCore.Authentication.AuthenticationMiddleware.Invoke(HttpContext context)
   at Swashbuckle.AspNetCore.SwaggerUI.SwaggerUIMiddleware.Invoke(HttpContext httpContext)
   at Swashbuckle.AspNetCore.Swagger.SwaggerMiddleware.Invoke(HttpContext httpContext, ISwaggerProvider swaggerProvider)
   at Microsoft.AspNetCore.Diagnostics.DeveloperExceptionPageMiddlewareImpl.Invoke(HttpContext context)
[12:08:19 ERR] An unhandled exception has occurred while executing the request.
System.AggregateException: One or more errors occurred. (Unable to cast object of type 'System.String' to type 'App.Compoment.Enterprise.Site.Advertisement.AdvertisementsLangugeImages'.)
 ---> System.InvalidCastException: Unable to cast object of type 'System.String' to type 'App.Compoment.Enterprise.Site.Advertisement.AdvertisementsLangugeImages'.
   at Ivony.Data.DbValueConverter.ConvertObject[T](Object value)
   at Ivony.Data.EntityExtensions.FieldValue[T](DataRow dataRow, DataColumn column)
   at App.Site.Data.BaseService.AdvertisementManager.<getAdvertisings>b__11_0(DataRow item)
   at Dennis.Data.MySqlEntityExtensions.<>c__DisplayClass5_0`1.<ExecuteEntitiesAsync>b__0(DataRow dataItem) in E:\tvc\DbUtility-develop\Sources\Ivony.Data.MySql\EntityExtensions.cs:line 108
   at System.Linq.Enumerable.SelectEnumerableIterator`2.ToArray()
   at Dennis.Data.MySqlEntityExtensions.ExecuteEntitiesAsync[T](IMySqlAsyncDbExecutableQuery query, Func`2 converter, CancellationToken token) in E:\tvc\DbUtility-develop\Sources\Ivony.Data.MySql\EntityExtensions.cs:line 0
   at App.Site.Data.BaseService.AdvertisementManager.getAdvertisings(String positionCode, Int32 quantity, String catalogCode)
   at App.Site.Data.BaseService.AdvertisementManager.<>c__DisplayClass9_0.<<LoadAdvertisements>b__1>d.MoveNext()
   --- End of inner exception stack trace ---
   at System.Threading.Tasks.Task.ThrowIfExceptional(Boolean includeTaskCanceledExceptions)
   at System.Threading.Tasks.Task`1.GetResultCore(Boolean waitCompletionNotification)
   at App.Site.Data.BaseService.AdvertisementManager.<>c.<LoadAdvertisements>b__9_0(Task`1 x)
   at System.Linq.Enumerable.SelectArrayIterator`2.ToArray()
   at App.Site.Data.BaseService.AdvertisementManager.LoadAdvertisements(String pageType, String catalogCode)
   at App.Site.Core.RepositoryAdvertisement.LoadAdvertisements(String pageType, String catalogCode) in D:\Appservice\src\Services\Site\src\App.Site.Core\RepositoryAdvertisement.cs:line 19
   at App.Site.Controllers.Advertisement.LoadAdvertisements(String pageType, String catalogCode) in D:\Appservice\src\Services\Site\src\App.Site\Controllers\Advertisement.cs:line 29
   at lambda_method256(Closure, Object)
   at Microsoft.AspNetCore.Mvc.Infrastructure.ActionMethodExecutor.AwaitableObjectResultExecutor.Execute(ActionContext actionContext, IActionResultTypeMapper mapper, ObjectMethodExecutor executor, Object controller, Object[] arguments)
   at Microsoft.AspNetCore.Mvc.Infrastructure.ControllerActionInvoker.<InvokeActionMethodAsync>g__Logged|12_1(ControllerActionInvoker invoker)
   at Microsoft.AspNetCore.Mvc.Infrastructure.ControllerActionInvoker.<InvokeNextActionFilterAsync>g__Awaited|10_0(ControllerActionInvoker invoker, Task lastTask, State next, Scope scope, Object state, Boolean isCompleted)
   at Microsoft.AspNetCore.Mvc.Infrastructure.ControllerActionInvoker.Rethrow(ActionExecutedContextSealed context)
   at Microsoft.AspNetCore.Mvc.Infrastructure.ControllerActionInvoker.Next(State& next, Scope& scope, Object& state, Boolean& isCompleted)
   at Microsoft.AspNetCore.Mvc.Infrastructure.ControllerActionInvoker.<InvokeInnerFilterAsync>g__Awaited|13_0(ControllerActionInvoker invoker, Task lastTask, State next, Scope scope, Object state, Boolean isCompleted)
   at Microsoft.AspNetCore.Mvc.Infrastructure.ResourceInvoker.<InvokeFilterPipelineAsync>g__Awaited|20_0(ResourceInvoker invoker, Task lastTask, State next, Scope scope, Object state, Boolean isCompleted)
   at Microsoft.AspNetCore.Mvc.Infrastructure.ResourceInvoker.<InvokeAsync>g__Logged|17_1(ResourceInvoker invoker)
   at Microsoft.AspNetCore.Mvc.Infrastructure.ResourceInvoker.<InvokeAsync>g__Logged|17_1(ResourceInvoker invoker)
   at Microsoft.AspNetCore.Routing.EndpointMiddleware.<Invoke>g__AwaitRequestTask|6_0(Endpoint endpoint, Task requestTask, ILogger logger)
   at Swashbuckle.AspNetCore.SwaggerUI.SwaggerUIMiddleware.Invoke(HttpContext httpContext)
   at Microsoft.AspNetCore.Authorization.AuthorizationMiddleware.Invoke(HttpContext context)
   at Microsoft.AspNetCore.Authentication.AuthenticationMiddleware.Invoke(HttpContext context)
   at Swashbuckle.AspNetCore.SwaggerUI.SwaggerUIMiddleware.Invoke(HttpContext httpContext)
   at Swashbuckle.AspNetCore.Swagger.SwaggerMiddleware.Invoke(HttpContext httpContext, ISwaggerProvider swaggerProvider)
   at Microsoft.AspNetCore.Diagnostics.DeveloperExceptionPageMiddlewareImpl.Invoke(HttpContext context)
