[09:37:37 ERR] An unhandled exception has occurred while executing the request.
Swashbuckle.AspNetCore.SwaggerGen.SwaggerGeneratorException: Ambiguous HTTP method for action - App.Site.Controllers.FeedBack.AddBoos (App.Site). Actions require an explicit HttpMethod binding for Swagger/OpenAPI 3.0
   at Swashbuckle.AspNetCore.SwaggerGen.SwaggerGenerator.GenerateOperations(IEnumerable`1 apiDescriptions, SchemaRepository schemaRepository)
   at Swashbuckle.AspNetCore.SwaggerGen.SwaggerGenerator.GeneratePaths(IEnumerable`1 apiDescriptions, SchemaRepository schemaRepository)
   at Swashbuckle.AspNetCore.SwaggerGen.SwaggerGenerator.GetSwaggerDocumentWithoutFilters(String documentName, String host, String basePath)
   at Swashbuckle.AspNetCore.SwaggerGen.SwaggerGenerator.GetSwaggerAsync(String documentName, String host, String basePath)
   at Swashbuckle.AspNetCore.Swagger.SwaggerMiddleware.Invoke(HttpContext httpContext, ISwaggerProvider swaggerProvider)
   at Microsoft.AspNetCore.Diagnostics.DeveloperExceptionPageMiddlewareImpl.Invoke(HttpContext context)
[09:41:22 ERR] An unhandled exception has occurred while executing the request.
Swashbuckle.AspNetCore.SwaggerGen.SwaggerGeneratorException: Ambiguous HTTP method for action - App.Site.Controllers.FeedBack.AddBoos (App.Site). Actions require an explicit HttpMethod binding for Swagger/OpenAPI 3.0
   at Swashbuckle.AspNetCore.SwaggerGen.SwaggerGenerator.GenerateOperations(IEnumerable`1 apiDescriptions, SchemaRepository schemaRepository)
   at Swashbuckle.AspNetCore.SwaggerGen.SwaggerGenerator.GeneratePaths(IEnumerable`1 apiDescriptions, SchemaRepository schemaRepository)
   at Swashbuckle.AspNetCore.SwaggerGen.SwaggerGenerator.GetSwaggerDocumentWithoutFilters(String documentName, String host, String basePath)
   at Swashbuckle.AspNetCore.SwaggerGen.SwaggerGenerator.GetSwaggerAsync(String documentName, String host, String basePath)
   at Swashbuckle.AspNetCore.Swagger.SwaggerMiddleware.Invoke(HttpContext httpContext, ISwaggerProvider swaggerProvider)
   at Microsoft.AspNetCore.Diagnostics.DeveloperExceptionPageMiddlewareImpl.Invoke(HttpContext context)
[09:42:50 ERR] An unhandled exception has occurred while executing the request.
Swashbuckle.AspNetCore.SwaggerGen.SwaggerGeneratorException: Ambiguous HTTP method for action - App.Site.Controllers.FeedBack.AddBoos (App.Site). Actions require an explicit HttpMethod binding for Swagger/OpenAPI 3.0
   at Swashbuckle.AspNetCore.SwaggerGen.SwaggerGenerator.GenerateOperations(IEnumerable`1 apiDescriptions, SchemaRepository schemaRepository)
   at Swashbuckle.AspNetCore.SwaggerGen.SwaggerGenerator.GeneratePaths(IEnumerable`1 apiDescriptions, SchemaRepository schemaRepository)
   at Swashbuckle.AspNetCore.SwaggerGen.SwaggerGenerator.GetSwaggerDocumentWithoutFilters(String documentName, String host, String basePath)
   at Swashbuckle.AspNetCore.SwaggerGen.SwaggerGenerator.GetSwaggerAsync(String documentName, String host, String basePath)
   at Swashbuckle.AspNetCore.Swagger.SwaggerMiddleware.Invoke(HttpContext httpContext, ISwaggerProvider swaggerProvider)
   at Microsoft.AspNetCore.Diagnostics.DeveloperExceptionPageMiddlewareImpl.Invoke(HttpContext context)
[09:44:24 ERR] An unhandled exception has occurred while executing the request.
Swashbuckle.AspNetCore.SwaggerGen.SwaggerGeneratorException: Ambiguous HTTP method for action - App.Site.Controllers.FeedBack.AddBoos (App.Site). Actions require an explicit HttpMethod binding for Swagger/OpenAPI 3.0
   at Swashbuckle.AspNetCore.SwaggerGen.SwaggerGenerator.GenerateOperations(IEnumerable`1 apiDescriptions, SchemaRepository schemaRepository)
   at Swashbuckle.AspNetCore.SwaggerGen.SwaggerGenerator.GeneratePaths(IEnumerable`1 apiDescriptions, SchemaRepository schemaRepository)
   at Swashbuckle.AspNetCore.SwaggerGen.SwaggerGenerator.GetSwaggerDocumentWithoutFilters(String documentName, String host, String basePath)
   at Swashbuckle.AspNetCore.SwaggerGen.SwaggerGenerator.GetSwaggerAsync(String documentName, String host, String basePath)
   at Swashbuckle.AspNetCore.Swagger.SwaggerMiddleware.Invoke(HttpContext httpContext, ISwaggerProvider swaggerProvider)
   at Microsoft.AspNetCore.Diagnostics.DeveloperExceptionPageMiddlewareImpl.Invoke(HttpContext context)
[09:46:16 ERR] An unhandled exception has occurred while executing the request.
Swashbuckle.AspNetCore.SwaggerGen.SwaggerGeneratorException: Ambiguous HTTP method for action - App.Site.Controllers.FeedBack.AddBoos (App.Site). Actions require an explicit HttpMethod binding for Swagger/OpenAPI 3.0
   at Swashbuckle.AspNetCore.SwaggerGen.SwaggerGenerator.GenerateOperations(IEnumerable`1 apiDescriptions, SchemaRepository schemaRepository)
   at Swashbuckle.AspNetCore.SwaggerGen.SwaggerGenerator.GeneratePaths(IEnumerable`1 apiDescriptions, SchemaRepository schemaRepository)
   at Swashbuckle.AspNetCore.SwaggerGen.SwaggerGenerator.GetSwaggerDocumentWithoutFilters(String documentName, String host, String basePath)
   at Swashbuckle.AspNetCore.SwaggerGen.SwaggerGenerator.GetSwaggerAsync(String documentName, String host, String basePath)
   at Swashbuckle.AspNetCore.Swagger.SwaggerMiddleware.Invoke(HttpContext httpContext, ISwaggerProvider swaggerProvider)
   at Microsoft.AspNetCore.Diagnostics.DeveloperExceptionPageMiddlewareImpl.Invoke(HttpContext context)
[09:49:47 ERR] An unhandled exception has occurred while executing the request.
Swashbuckle.AspNetCore.SwaggerGen.SwaggerGeneratorException: Ambiguous HTTP method for action - App.Site.Controllers.FeedBack.AddBoos (App.Site). Actions require an explicit HttpMethod binding for Swagger/OpenAPI 3.0
   at Swashbuckle.AspNetCore.SwaggerGen.SwaggerGenerator.GenerateOperations(IEnumerable`1 apiDescriptions, SchemaRepository schemaRepository)
   at Swashbuckle.AspNetCore.SwaggerGen.SwaggerGenerator.GeneratePaths(IEnumerable`1 apiDescriptions, SchemaRepository schemaRepository)
   at Swashbuckle.AspNetCore.SwaggerGen.SwaggerGenerator.GetSwaggerDocumentWithoutFilters(String documentName, String host, String basePath)
   at Swashbuckle.AspNetCore.SwaggerGen.SwaggerGenerator.GetSwaggerAsync(String documentName, String host, String basePath)
   at Swashbuckle.AspNetCore.Swagger.SwaggerMiddleware.Invoke(HttpContext httpContext, ISwaggerProvider swaggerProvider)
   at Microsoft.AspNetCore.Diagnostics.DeveloperExceptionPageMiddlewareImpl.Invoke(HttpContext context)
[10:10:36 ERR] An unhandled exception has occurred while executing the request.
System.InvalidCastException: 无法将 System.Guid 类型的实例转换为 System.String 类型
   at Dennis.Data.MySqlDbValueConverter.ConvertConvertible(Object value, Type type) in E:\tvc\DbUtility-develop\Sources\Ivony.Data.MySql\DefaultConverter.cs:line 130
   at Dennis.Data.MySqlDbValueConverter.ConvertConvertible[T](Object value) in E:\tvc\DbUtility-develop\Sources\Ivony.Data.MySql\DefaultConverter.cs:line 110
   at Dennis.Data.MySqlDbValueConverter.ConvertFrom[T](Object value, String dataTypeName) in E:\tvc\DbUtility-develop\Sources\Ivony.Data.MySql\DbValueConverter.cs:line 106
   at Dennis.Data.MySqlEntityExtensions.FieldValueForMySql[T](DataRow dataRow, DataColumn column) in E:\tvc\DbUtility-develop\Sources\Ivony.Data.MySql\EntityExtensions.cs:line 388
   at Dennis.Data.MySqlEntityExtensions.FieldValueForMySql[T](DataRow dataRow, String columnName) in E:\tvc\DbUtility-develop\Sources\Ivony.Data.MySql\EntityExtensions.cs:line 372
   at 150ed66d4d07377296909757b4f60825_DataConverter(DataRow, UserRelatedInfo)
   at Dennis.Data.MySqlEntityConvert`1.FillEntity(DataRow dataItem, T entity) in E:\tvc\DbUtility-develop\Sources\Ivony.Data.MySql\EntityConvert.cs:line 162
   at Dennis.Data.MySqlEntityConvert`1.MySqlEntityConverter.Convert(DataRow dataItem) in E:\tvc\DbUtility-develop\Sources\Ivony.Data.MySql\EntityConvert.cs:line 303
   at Dennis.Data.MySqlEntityExtensions.ToEntityForMySql[T](DataRow dataItem, IMySqlEntityConverter`1 converter) in E:\tvc\DbUtility-develop\Sources\Ivony.Data.MySql\EntityExtensions.cs:line 286
   at Dennis.Data.MySqlEntityExtensions.ToEntityForMySql[T](DataRow dataItem) in E:\tvc\DbUtility-develop\Sources\Ivony.Data.MySql\EntityExtensions.cs:line 254
   at Dennis.Data.MySqlEntityExtensions.ExecuteEntityAsync[T](IMySqlAsyncDbExecutableQuery query, CancellationToken token) in E:\tvc\DbUtility-develop\Sources\Ivony.Data.MySql\EntityExtensions.cs:line 161
   at App.Users.Core.RepositoryUser.GetUserRelatedInfo(Guid UserId) in D:\Appservice\src\Services\Users\src\App.Users.Core\RepositoryUser.cs:line 37
   at App.Site.Core.RepositoryFeedBooks.AddGuestBook(AddGuestBook books) in D:\Appservice\src\Services\Site\src\App.Site.Core\RepositoryFeedBooks.cs:line 26
   at App.Site.Controllers.FeedBack.AddBooks(AddGuestBook book) in D:\Appservice\src\Services\Site\src\App.Site\Controllers\FeedBack.cs:line 23
   at lambda_method6(Closure, Object)
   at Microsoft.AspNetCore.Mvc.Infrastructure.ActionMethodExecutor.AwaitableObjectResultExecutor.Execute(ActionContext actionContext, IActionResultTypeMapper mapper, ObjectMethodExecutor executor, Object controller, Object[] arguments)
   at Microsoft.AspNetCore.Mvc.Infrastructure.ControllerActionInvoker.<InvokeActionMethodAsync>g__Logged|12_1(ControllerActionInvoker invoker)
   at Microsoft.AspNetCore.Mvc.Infrastructure.ControllerActionInvoker.<InvokeNextActionFilterAsync>g__Awaited|10_0(ControllerActionInvoker invoker, Task lastTask, State next, Scope scope, Object state, Boolean isCompleted)
   at Microsoft.AspNetCore.Mvc.Infrastructure.ControllerActionInvoker.Rethrow(ActionExecutedContextSealed context)
   at Microsoft.AspNetCore.Mvc.Infrastructure.ControllerActionInvoker.Next(State& next, Scope& scope, Object& state, Boolean& isCompleted)
   at Microsoft.AspNetCore.Mvc.Infrastructure.ControllerActionInvoker.<InvokeInnerFilterAsync>g__Awaited|13_0(ControllerActionInvoker invoker, Task lastTask, State next, Scope scope, Object state, Boolean isCompleted)
   at Microsoft.AspNetCore.Mvc.Infrastructure.ResourceInvoker.<InvokeFilterPipelineAsync>g__Awaited|20_0(ResourceInvoker invoker, Task lastTask, State next, Scope scope, Object state, Boolean isCompleted)
   at Microsoft.AspNetCore.Mvc.Infrastructure.ResourceInvoker.<InvokeAsync>g__Logged|17_1(ResourceInvoker invoker)
   at Microsoft.AspNetCore.Mvc.Infrastructure.ResourceInvoker.<InvokeAsync>g__Logged|17_1(ResourceInvoker invoker)
   at Microsoft.AspNetCore.Routing.EndpointMiddleware.<Invoke>g__AwaitRequestTask|6_0(Endpoint endpoint, Task requestTask, ILogger logger)
   at Swashbuckle.AspNetCore.SwaggerUI.SwaggerUIMiddleware.Invoke(HttpContext httpContext)
   at Microsoft.AspNetCore.Authorization.AuthorizationMiddleware.Invoke(HttpContext context)
   at Microsoft.AspNetCore.Authentication.AuthenticationMiddleware.Invoke(HttpContext context)
   at Swashbuckle.AspNetCore.SwaggerUI.SwaggerUIMiddleware.Invoke(HttpContext httpContext)
   at Swashbuckle.AspNetCore.Swagger.SwaggerMiddleware.Invoke(HttpContext httpContext, ISwaggerProvider swaggerProvider)
   at Microsoft.AspNetCore.Diagnostics.DeveloperExceptionPageMiddlewareImpl.Invoke(HttpContext context)
[10:11:22 ERR] An unhandled exception has occurred while executing the request.
System.InvalidCastException: 无法将 System.Guid 类型的实例转换为 System.String 类型
   at Dennis.Data.MySqlDbValueConverter.ConvertConvertible(Object value, Type type) in E:\tvc\DbUtility-develop\Sources\Ivony.Data.MySql\DefaultConverter.cs:line 130
   at Dennis.Data.MySqlDbValueConverter.ConvertConvertible[T](Object value) in E:\tvc\DbUtility-develop\Sources\Ivony.Data.MySql\DefaultConverter.cs:line 110
   at Dennis.Data.MySqlDbValueConverter.ConvertFrom[T](Object value, String dataTypeName) in E:\tvc\DbUtility-develop\Sources\Ivony.Data.MySql\DbValueConverter.cs:line 106
   at Dennis.Data.MySqlEntityExtensions.FieldValueForMySql[T](DataRow dataRow, DataColumn column) in E:\tvc\DbUtility-develop\Sources\Ivony.Data.MySql\EntityExtensions.cs:line 388
   at Dennis.Data.MySqlEntityExtensions.FieldValueForMySql[T](DataRow dataRow, String columnName) in E:\tvc\DbUtility-develop\Sources\Ivony.Data.MySql\EntityExtensions.cs:line 372
   at 150ed66d4d07377296909757b4f60825_DataConverter(DataRow, UserRelatedInfo)
   at Dennis.Data.MySqlEntityConvert`1.FillEntity(DataRow dataItem, T entity) in E:\tvc\DbUtility-develop\Sources\Ivony.Data.MySql\EntityConvert.cs:line 162
   at Dennis.Data.MySqlEntityConvert`1.MySqlEntityConverter.Convert(DataRow dataItem) in E:\tvc\DbUtility-develop\Sources\Ivony.Data.MySql\EntityConvert.cs:line 303
   at Dennis.Data.MySqlEntityExtensions.ToEntityForMySql[T](DataRow dataItem, IMySqlEntityConverter`1 converter) in E:\tvc\DbUtility-develop\Sources\Ivony.Data.MySql\EntityExtensions.cs:line 286
   at Dennis.Data.MySqlEntityExtensions.ToEntityForMySql[T](DataRow dataItem) in E:\tvc\DbUtility-develop\Sources\Ivony.Data.MySql\EntityExtensions.cs:line 254
   at Dennis.Data.MySqlEntityExtensions.ExecuteEntityAsync[T](IMySqlAsyncDbExecutableQuery query, CancellationToken token) in E:\tvc\DbUtility-develop\Sources\Ivony.Data.MySql\EntityExtensions.cs:line 161
   at App.Users.Core.RepositoryUser.GetUserRelatedInfo(Guid UserId) in D:\Appservice\src\Services\Users\src\App.Users.Core\RepositoryUser.cs:line 37
   at App.Site.Core.RepositoryFeedBooks.AddGuestBook(AddGuestBook books) in D:\Appservice\src\Services\Site\src\App.Site.Core\RepositoryFeedBooks.cs:line 26
   at App.Site.Controllers.FeedBack.AddBooks(AddGuestBook book) in D:\Appservice\src\Services\Site\src\App.Site\Controllers\FeedBack.cs:line 23
   at lambda_method6(Closure, Object)
   at Microsoft.AspNetCore.Mvc.Infrastructure.ActionMethodExecutor.AwaitableObjectResultExecutor.Execute(ActionContext actionContext, IActionResultTypeMapper mapper, ObjectMethodExecutor executor, Object controller, Object[] arguments)
   at Microsoft.AspNetCore.Mvc.Infrastructure.ControllerActionInvoker.<InvokeActionMethodAsync>g__Logged|12_1(ControllerActionInvoker invoker)
   at Microsoft.AspNetCore.Mvc.Infrastructure.ControllerActionInvoker.<InvokeNextActionFilterAsync>g__Awaited|10_0(ControllerActionInvoker invoker, Task lastTask, State next, Scope scope, Object state, Boolean isCompleted)
   at Microsoft.AspNetCore.Mvc.Infrastructure.ControllerActionInvoker.Rethrow(ActionExecutedContextSealed context)
   at Microsoft.AspNetCore.Mvc.Infrastructure.ControllerActionInvoker.Next(State& next, Scope& scope, Object& state, Boolean& isCompleted)
   at Microsoft.AspNetCore.Mvc.Infrastructure.ControllerActionInvoker.<InvokeInnerFilterAsync>g__Awaited|13_0(ControllerActionInvoker invoker, Task lastTask, State next, Scope scope, Object state, Boolean isCompleted)
   at Microsoft.AspNetCore.Mvc.Infrastructure.ResourceInvoker.<InvokeFilterPipelineAsync>g__Awaited|20_0(ResourceInvoker invoker, Task lastTask, State next, Scope scope, Object state, Boolean isCompleted)
   at Microsoft.AspNetCore.Mvc.Infrastructure.ResourceInvoker.<InvokeAsync>g__Logged|17_1(ResourceInvoker invoker)
   at Microsoft.AspNetCore.Mvc.Infrastructure.ResourceInvoker.<InvokeAsync>g__Logged|17_1(ResourceInvoker invoker)
   at Microsoft.AspNetCore.Routing.EndpointMiddleware.<Invoke>g__AwaitRequestTask|6_0(Endpoint endpoint, Task requestTask, ILogger logger)
   at Swashbuckle.AspNetCore.SwaggerUI.SwaggerUIMiddleware.Invoke(HttpContext httpContext)
   at Microsoft.AspNetCore.Authorization.AuthorizationMiddleware.Invoke(HttpContext context)
   at Microsoft.AspNetCore.Authentication.AuthenticationMiddleware.Invoke(HttpContext context)
   at Swashbuckle.AspNetCore.SwaggerUI.SwaggerUIMiddleware.Invoke(HttpContext httpContext)
   at Swashbuckle.AspNetCore.Swagger.SwaggerMiddleware.Invoke(HttpContext httpContext, ISwaggerProvider swaggerProvider)
   at Microsoft.AspNetCore.Diagnostics.DeveloperExceptionPageMiddlewareImpl.Invoke(HttpContext context)
[11:24:24 ERR] An unhandled exception has occurred while executing the request.
System.NullReferenceException: Object reference not set to an instance of an object.
   at App.Site.Data.FeedBacks.lmp.FeedBackManager.GetExitsalesIdByEmail(String Email) in D:\Appservice\src\Services\Site\src\App.Site.Data\FeedBacks\lmp\FeedBackManager.cs:line 149
   at App.Site.Core.RepositoryFeedBooks.AddGuestBook(AddGuestBook books) in D:\Appservice\src\Services\Site\src\App.Site.Core\RepositoryFeedBooks.cs:line 49
   at App.Site.Controllers.FeedBack.AddBooks(AddGuestBook book) in D:\Appservice\src\Services\Site\src\App.Site\Controllers\FeedBack.cs:line 23
   at lambda_method6(Closure, Object)
   at Microsoft.AspNetCore.Mvc.Infrastructure.ActionMethodExecutor.AwaitableObjectResultExecutor.Execute(ActionContext actionContext, IActionResultTypeMapper mapper, ObjectMethodExecutor executor, Object controller, Object[] arguments)
   at Microsoft.AspNetCore.Mvc.Infrastructure.ControllerActionInvoker.<InvokeActionMethodAsync>g__Logged|12_1(ControllerActionInvoker invoker)
   at Microsoft.AspNetCore.Mvc.Infrastructure.ControllerActionInvoker.<InvokeNextActionFilterAsync>g__Awaited|10_0(ControllerActionInvoker invoker, Task lastTask, State next, Scope scope, Object state, Boolean isCompleted)
   at Microsoft.AspNetCore.Mvc.Infrastructure.ControllerActionInvoker.Rethrow(ActionExecutedContextSealed context)
   at Microsoft.AspNetCore.Mvc.Infrastructure.ControllerActionInvoker.Next(State& next, Scope& scope, Object& state, Boolean& isCompleted)
   at Microsoft.AspNetCore.Mvc.Infrastructure.ControllerActionInvoker.<InvokeInnerFilterAsync>g__Awaited|13_0(ControllerActionInvoker invoker, Task lastTask, State next, Scope scope, Object state, Boolean isCompleted)
   at Microsoft.AspNetCore.Mvc.Infrastructure.ResourceInvoker.<InvokeFilterPipelineAsync>g__Awaited|20_0(ResourceInvoker invoker, Task lastTask, State next, Scope scope, Object state, Boolean isCompleted)
   at Microsoft.AspNetCore.Mvc.Infrastructure.ResourceInvoker.<InvokeAsync>g__Logged|17_1(ResourceInvoker invoker)
   at Microsoft.AspNetCore.Mvc.Infrastructure.ResourceInvoker.<InvokeAsync>g__Logged|17_1(ResourceInvoker invoker)
   at Microsoft.AspNetCore.Routing.EndpointMiddleware.<Invoke>g__AwaitRequestTask|6_0(Endpoint endpoint, Task requestTask, ILogger logger)
   at Swashbuckle.AspNetCore.SwaggerUI.SwaggerUIMiddleware.Invoke(HttpContext httpContext)
   at Microsoft.AspNetCore.Authorization.AuthorizationMiddleware.Invoke(HttpContext context)
   at Microsoft.AspNetCore.Authentication.AuthenticationMiddleware.Invoke(HttpContext context)
   at Swashbuckle.AspNetCore.SwaggerUI.SwaggerUIMiddleware.Invoke(HttpContext httpContext)
   at Swashbuckle.AspNetCore.Swagger.SwaggerMiddleware.Invoke(HttpContext httpContext, ISwaggerProvider swaggerProvider)
   at Microsoft.AspNetCore.Diagnostics.DeveloperExceptionPageMiddlewareImpl.Invoke(HttpContext context)
[11:28:28 ERR] An unhandled exception has occurred while executing the request.
System.InvalidCastException: 不能将 null 值转换为 System.Guid 类型对象
   at Dennis.Data.MySqlDbValueConverter.ConvertValueType[T](Object value) in E:\tvc\DbUtility-develop\Sources\Ivony.Data.MySql\DefaultConverter.cs:line 146
   at Dennis.Data.MySqlDbValueConverter.ConvertFrom[T](Object value, String dataTypeName) in E:\tvc\DbUtility-develop\Sources\Ivony.Data.MySql\DbValueConverter.cs:line 106
   at Dennis.Data.BasicExecuteExtensions.ExecuteScalarAsync[T](IMySqlAsyncDbExecutableQuery query, CancellationToken token) in E:\tvc\DbUtility-develop\Sources\Ivony.Data.MySql\BasicExecuteExtensions.cs:line 245
   at App.Users.Core.RepositoryUser.GetUserID(String Email) in D:\Appservice\src\Services\Users\src\App.Users.Core\RepositoryUser.cs:line 20
   at App.Site.Core.RepositoryFeedBooks.AddGuestBook(AddGuestBook books) in D:\Appservice\src\Services\Site\src\App.Site.Core\RepositoryFeedBooks.cs:line 23
   at App.Site.Controllers.FeedBack.AddBooks(AddGuestBook book) in D:\Appservice\src\Services\Site\src\App.Site\Controllers\FeedBack.cs:line 23
   at lambda_method6(Closure, Object)
   at Microsoft.AspNetCore.Mvc.Infrastructure.ActionMethodExecutor.AwaitableObjectResultExecutor.Execute(ActionContext actionContext, IActionResultTypeMapper mapper, ObjectMethodExecutor executor, Object controller, Object[] arguments)
   at Microsoft.AspNetCore.Mvc.Infrastructure.ControllerActionInvoker.<InvokeActionMethodAsync>g__Logged|12_1(ControllerActionInvoker invoker)
   at Microsoft.AspNetCore.Mvc.Infrastructure.ControllerActionInvoker.<InvokeNextActionFilterAsync>g__Awaited|10_0(ControllerActionInvoker invoker, Task lastTask, State next, Scope scope, Object state, Boolean isCompleted)
   at Microsoft.AspNetCore.Mvc.Infrastructure.ControllerActionInvoker.Rethrow(ActionExecutedContextSealed context)
   at Microsoft.AspNetCore.Mvc.Infrastructure.ControllerActionInvoker.Next(State& next, Scope& scope, Object& state, Boolean& isCompleted)
   at Microsoft.AspNetCore.Mvc.Infrastructure.ControllerActionInvoker.<InvokeInnerFilterAsync>g__Awaited|13_0(ControllerActionInvoker invoker, Task lastTask, State next, Scope scope, Object state, Boolean isCompleted)
   at Microsoft.AspNetCore.Mvc.Infrastructure.ResourceInvoker.<InvokeFilterPipelineAsync>g__Awaited|20_0(ResourceInvoker invoker, Task lastTask, State next, Scope scope, Object state, Boolean isCompleted)
   at Microsoft.AspNetCore.Mvc.Infrastructure.ResourceInvoker.<InvokeAsync>g__Logged|17_1(ResourceInvoker invoker)
   at Microsoft.AspNetCore.Mvc.Infrastructure.ResourceInvoker.<InvokeAsync>g__Logged|17_1(ResourceInvoker invoker)
   at Microsoft.AspNetCore.Routing.EndpointMiddleware.<Invoke>g__AwaitRequestTask|6_0(Endpoint endpoint, Task requestTask, ILogger logger)
   at Swashbuckle.AspNetCore.SwaggerUI.SwaggerUIMiddleware.Invoke(HttpContext httpContext)
   at Microsoft.AspNetCore.Authorization.AuthorizationMiddleware.Invoke(HttpContext context)
   at Microsoft.AspNetCore.Authentication.AuthenticationMiddleware.Invoke(HttpContext context)
   at Swashbuckle.AspNetCore.SwaggerUI.SwaggerUIMiddleware.Invoke(HttpContext httpContext)
   at Swashbuckle.AspNetCore.Swagger.SwaggerMiddleware.Invoke(HttpContext httpContext, ISwaggerProvider swaggerProvider)
   at Microsoft.AspNetCore.Diagnostics.DeveloperExceptionPageMiddlewareImpl.Invoke(HttpContext context)
[11:28:43 ERR] An unhandled exception has occurred while executing the request.
System.InvalidCastException: 不能将 null 值转换为 System.Guid 类型对象
   at Dennis.Data.MySqlDbValueConverter.ConvertValueType[T](Object value) in E:\tvc\DbUtility-develop\Sources\Ivony.Data.MySql\DefaultConverter.cs:line 146
   at Dennis.Data.MySqlDbValueConverter.ConvertFrom[T](Object value, String dataTypeName) in E:\tvc\DbUtility-develop\Sources\Ivony.Data.MySql\DbValueConverter.cs:line 106
   at Dennis.Data.BasicExecuteExtensions.ExecuteScalarAsync[T](IMySqlAsyncDbExecutableQuery query, CancellationToken token) in E:\tvc\DbUtility-develop\Sources\Ivony.Data.MySql\BasicExecuteExtensions.cs:line 245
   at App.Users.Core.RepositoryUser.GetUserID(String Email) in D:\Appservice\src\Services\Users\src\App.Users.Core\RepositoryUser.cs:line 20
   at App.Site.Core.RepositoryFeedBooks.AddGuestBook(AddGuestBook books) in D:\Appservice\src\Services\Site\src\App.Site.Core\RepositoryFeedBooks.cs:line 23
   at App.Site.Controllers.FeedBack.AddBooks(AddGuestBook book) in D:\Appservice\src\Services\Site\src\App.Site\Controllers\FeedBack.cs:line 23
   at lambda_method6(Closure, Object)
   at Microsoft.AspNetCore.Mvc.Infrastructure.ActionMethodExecutor.AwaitableObjectResultExecutor.Execute(ActionContext actionContext, IActionResultTypeMapper mapper, ObjectMethodExecutor executor, Object controller, Object[] arguments)
   at Microsoft.AspNetCore.Mvc.Infrastructure.ControllerActionInvoker.<InvokeActionMethodAsync>g__Logged|12_1(ControllerActionInvoker invoker)
   at Microsoft.AspNetCore.Mvc.Infrastructure.ControllerActionInvoker.<InvokeNextActionFilterAsync>g__Awaited|10_0(ControllerActionInvoker invoker, Task lastTask, State next, Scope scope, Object state, Boolean isCompleted)
   at Microsoft.AspNetCore.Mvc.Infrastructure.ControllerActionInvoker.Rethrow(ActionExecutedContextSealed context)
   at Microsoft.AspNetCore.Mvc.Infrastructure.ControllerActionInvoker.Next(State& next, Scope& scope, Object& state, Boolean& isCompleted)
   at Microsoft.AspNetCore.Mvc.Infrastructure.ControllerActionInvoker.<InvokeInnerFilterAsync>g__Awaited|13_0(ControllerActionInvoker invoker, Task lastTask, State next, Scope scope, Object state, Boolean isCompleted)
   at Microsoft.AspNetCore.Mvc.Infrastructure.ResourceInvoker.<InvokeFilterPipelineAsync>g__Awaited|20_0(ResourceInvoker invoker, Task lastTask, State next, Scope scope, Object state, Boolean isCompleted)
   at Microsoft.AspNetCore.Mvc.Infrastructure.ResourceInvoker.<InvokeAsync>g__Logged|17_1(ResourceInvoker invoker)
   at Microsoft.AspNetCore.Mvc.Infrastructure.ResourceInvoker.<InvokeAsync>g__Logged|17_1(ResourceInvoker invoker)
   at Microsoft.AspNetCore.Routing.EndpointMiddleware.<Invoke>g__AwaitRequestTask|6_0(Endpoint endpoint, Task requestTask, ILogger logger)
   at Swashbuckle.AspNetCore.SwaggerUI.SwaggerUIMiddleware.Invoke(HttpContext httpContext)
   at Microsoft.AspNetCore.Authorization.AuthorizationMiddleware.Invoke(HttpContext context)
   at Microsoft.AspNetCore.Authentication.AuthenticationMiddleware.Invoke(HttpContext context)
   at Swashbuckle.AspNetCore.SwaggerUI.SwaggerUIMiddleware.Invoke(HttpContext httpContext)
   at Swashbuckle.AspNetCore.Swagger.SwaggerMiddleware.Invoke(HttpContext httpContext, ISwaggerProvider swaggerProvider)
   at Microsoft.AspNetCore.Diagnostics.DeveloperExceptionPageMiddlewareImpl.Invoke(HttpContext context)
[11:28:58 ERR] An unhandled exception has occurred while executing the request.
System.InvalidCastException: 不能将 null 值转换为 System.Guid 类型对象
   at Dennis.Data.MySqlDbValueConverter.ConvertValueType[T](Object value) in E:\tvc\DbUtility-develop\Sources\Ivony.Data.MySql\DefaultConverter.cs:line 146
   at Dennis.Data.MySqlDbValueConverter.ConvertFrom[T](Object value, String dataTypeName) in E:\tvc\DbUtility-develop\Sources\Ivony.Data.MySql\DbValueConverter.cs:line 106
   at Dennis.Data.BasicExecuteExtensions.ExecuteScalarAsync[T](IMySqlAsyncDbExecutableQuery query, CancellationToken token) in E:\tvc\DbUtility-develop\Sources\Ivony.Data.MySql\BasicExecuteExtensions.cs:line 245
   at App.Users.Core.RepositoryUser.GetUserID(String Email) in D:\Appservice\src\Services\Users\src\App.Users.Core\RepositoryUser.cs:line 20
   at App.Site.Core.RepositoryFeedBooks.AddGuestBook(AddGuestBook books) in D:\Appservice\src\Services\Site\src\App.Site.Core\RepositoryFeedBooks.cs:line 23
   at App.Site.Controllers.FeedBack.AddBooks(AddGuestBook book) in D:\Appservice\src\Services\Site\src\App.Site\Controllers\FeedBack.cs:line 23
   at lambda_method6(Closure, Object)
   at Microsoft.AspNetCore.Mvc.Infrastructure.ActionMethodExecutor.AwaitableObjectResultExecutor.Execute(ActionContext actionContext, IActionResultTypeMapper mapper, ObjectMethodExecutor executor, Object controller, Object[] arguments)
   at Microsoft.AspNetCore.Mvc.Infrastructure.ControllerActionInvoker.<InvokeActionMethodAsync>g__Logged|12_1(ControllerActionInvoker invoker)
   at Microsoft.AspNetCore.Mvc.Infrastructure.ControllerActionInvoker.<InvokeNextActionFilterAsync>g__Awaited|10_0(ControllerActionInvoker invoker, Task lastTask, State next, Scope scope, Object state, Boolean isCompleted)
   at Microsoft.AspNetCore.Mvc.Infrastructure.ControllerActionInvoker.Rethrow(ActionExecutedContextSealed context)
   at Microsoft.AspNetCore.Mvc.Infrastructure.ControllerActionInvoker.Next(State& next, Scope& scope, Object& state, Boolean& isCompleted)
   at Microsoft.AspNetCore.Mvc.Infrastructure.ControllerActionInvoker.<InvokeInnerFilterAsync>g__Awaited|13_0(ControllerActionInvoker invoker, Task lastTask, State next, Scope scope, Object state, Boolean isCompleted)
   at Microsoft.AspNetCore.Mvc.Infrastructure.ResourceInvoker.<InvokeFilterPipelineAsync>g__Awaited|20_0(ResourceInvoker invoker, Task lastTask, State next, Scope scope, Object state, Boolean isCompleted)
   at Microsoft.AspNetCore.Mvc.Infrastructure.ResourceInvoker.<InvokeAsync>g__Logged|17_1(ResourceInvoker invoker)
   at Microsoft.AspNetCore.Mvc.Infrastructure.ResourceInvoker.<InvokeAsync>g__Logged|17_1(ResourceInvoker invoker)
   at Microsoft.AspNetCore.Routing.EndpointMiddleware.<Invoke>g__AwaitRequestTask|6_0(Endpoint endpoint, Task requestTask, ILogger logger)
   at Swashbuckle.AspNetCore.SwaggerUI.SwaggerUIMiddleware.Invoke(HttpContext httpContext)
   at Microsoft.AspNetCore.Authorization.AuthorizationMiddleware.Invoke(HttpContext context)
   at Microsoft.AspNetCore.Authentication.AuthenticationMiddleware.Invoke(HttpContext context)
   at Swashbuckle.AspNetCore.SwaggerUI.SwaggerUIMiddleware.Invoke(HttpContext httpContext)
   at Swashbuckle.AspNetCore.Swagger.SwaggerMiddleware.Invoke(HttpContext httpContext, ISwaggerProvider swaggerProvider)
   at Microsoft.AspNetCore.Diagnostics.DeveloperExceptionPageMiddlewareImpl.Invoke(HttpContext context)
[12:05:11 ERR] An unhandled exception has occurred while executing the request.
System.InvalidCastException: Unable to cast object of type 'Newtonsoft.Json.Linq.JValue' to type 'Newtonsoft.Json.Linq.JObject'.
   at App.Site.Data.FeedBacks.lmp.FeedBackManager.GetsalesId() in D:\Appservice\src\Services\Site\src\App.Site.Data\FeedBacks\lmp\FeedBackManager.cs:line 92
   at App.Site.Core.RepositoryFeedBooks.AddGuestBook(AddGuestBook books) in D:\Appservice\src\Services\Site\src\App.Site.Core\RepositoryFeedBooks.cs:line 59
   at App.Site.Controllers.FeedBack.AddBooks(AddGuestBook book) in D:\Appservice\src\Services\Site\src\App.Site\Controllers\FeedBack.cs:line 23
   at lambda_method6(Closure, Object)
   at Microsoft.AspNetCore.Mvc.Infrastructure.ActionMethodExecutor.AwaitableObjectResultExecutor.Execute(ActionContext actionContext, IActionResultTypeMapper mapper, ObjectMethodExecutor executor, Object controller, Object[] arguments)
   at Microsoft.AspNetCore.Mvc.Infrastructure.ControllerActionInvoker.<InvokeActionMethodAsync>g__Logged|12_1(ControllerActionInvoker invoker)
   at Microsoft.AspNetCore.Mvc.Infrastructure.ControllerActionInvoker.<InvokeNextActionFilterAsync>g__Awaited|10_0(ControllerActionInvoker invoker, Task lastTask, State next, Scope scope, Object state, Boolean isCompleted)
   at Microsoft.AspNetCore.Mvc.Infrastructure.ControllerActionInvoker.Rethrow(ActionExecutedContextSealed context)
   at Microsoft.AspNetCore.Mvc.Infrastructure.ControllerActionInvoker.Next(State& next, Scope& scope, Object& state, Boolean& isCompleted)
   at Microsoft.AspNetCore.Mvc.Infrastructure.ControllerActionInvoker.<InvokeInnerFilterAsync>g__Awaited|13_0(ControllerActionInvoker invoker, Task lastTask, State next, Scope scope, Object state, Boolean isCompleted)
   at Microsoft.AspNetCore.Mvc.Infrastructure.ResourceInvoker.<InvokeFilterPipelineAsync>g__Awaited|20_0(ResourceInvoker invoker, Task lastTask, State next, Scope scope, Object state, Boolean isCompleted)
   at Microsoft.AspNetCore.Mvc.Infrastructure.ResourceInvoker.<InvokeAsync>g__Logged|17_1(ResourceInvoker invoker)
   at Microsoft.AspNetCore.Mvc.Infrastructure.ResourceInvoker.<InvokeAsync>g__Logged|17_1(ResourceInvoker invoker)
   at Microsoft.AspNetCore.Routing.EndpointMiddleware.<Invoke>g__AwaitRequestTask|6_0(Endpoint endpoint, Task requestTask, ILogger logger)
   at Swashbuckle.AspNetCore.SwaggerUI.SwaggerUIMiddleware.Invoke(HttpContext httpContext)
   at Microsoft.AspNetCore.Authorization.AuthorizationMiddleware.Invoke(HttpContext context)
   at Microsoft.AspNetCore.Authentication.AuthenticationMiddleware.Invoke(HttpContext context)
   at Swashbuckle.AspNetCore.SwaggerUI.SwaggerUIMiddleware.Invoke(HttpContext httpContext)
   at Swashbuckle.AspNetCore.Swagger.SwaggerMiddleware.Invoke(HttpContext httpContext, ISwaggerProvider swaggerProvider)
   at Microsoft.AspNetCore.Diagnostics.DeveloperExceptionPageMiddlewareImpl.Invoke(HttpContext context)
[12:05:24 ERR] An unhandled exception has occurred while executing the request.
System.InvalidCastException: Unable to cast object of type 'Newtonsoft.Json.Linq.JValue' to type 'Newtonsoft.Json.Linq.JObject'.
   at App.Site.Data.FeedBacks.lmp.FeedBackManager.GetsalesId() in D:\Appservice\src\Services\Site\src\App.Site.Data\FeedBacks\lmp\FeedBackManager.cs:line 92
   at App.Site.Core.RepositoryFeedBooks.AddGuestBook(AddGuestBook books) in D:\Appservice\src\Services\Site\src\App.Site.Core\RepositoryFeedBooks.cs:line 59
   at App.Site.Controllers.FeedBack.AddBooks(AddGuestBook book) in D:\Appservice\src\Services\Site\src\App.Site\Controllers\FeedBack.cs:line 23
   at lambda_method6(Closure, Object)
   at Microsoft.AspNetCore.Mvc.Infrastructure.ActionMethodExecutor.AwaitableObjectResultExecutor.Execute(ActionContext actionContext, IActionResultTypeMapper mapper, ObjectMethodExecutor executor, Object controller, Object[] arguments)
   at Microsoft.AspNetCore.Mvc.Infrastructure.ControllerActionInvoker.<InvokeActionMethodAsync>g__Logged|12_1(ControllerActionInvoker invoker)
   at Microsoft.AspNetCore.Mvc.Infrastructure.ControllerActionInvoker.<InvokeNextActionFilterAsync>g__Awaited|10_0(ControllerActionInvoker invoker, Task lastTask, State next, Scope scope, Object state, Boolean isCompleted)
   at Microsoft.AspNetCore.Mvc.Infrastructure.ControllerActionInvoker.Rethrow(ActionExecutedContextSealed context)
   at Microsoft.AspNetCore.Mvc.Infrastructure.ControllerActionInvoker.Next(State& next, Scope& scope, Object& state, Boolean& isCompleted)
   at Microsoft.AspNetCore.Mvc.Infrastructure.ControllerActionInvoker.<InvokeInnerFilterAsync>g__Awaited|13_0(ControllerActionInvoker invoker, Task lastTask, State next, Scope scope, Object state, Boolean isCompleted)
   at Microsoft.AspNetCore.Mvc.Infrastructure.ResourceInvoker.<InvokeFilterPipelineAsync>g__Awaited|20_0(ResourceInvoker invoker, Task lastTask, State next, Scope scope, Object state, Boolean isCompleted)
   at Microsoft.AspNetCore.Mvc.Infrastructure.ResourceInvoker.<InvokeAsync>g__Logged|17_1(ResourceInvoker invoker)
   at Microsoft.AspNetCore.Mvc.Infrastructure.ResourceInvoker.<InvokeAsync>g__Logged|17_1(ResourceInvoker invoker)
   at Microsoft.AspNetCore.Routing.EndpointMiddleware.<Invoke>g__AwaitRequestTask|6_0(Endpoint endpoint, Task requestTask, ILogger logger)
   at Swashbuckle.AspNetCore.SwaggerUI.SwaggerUIMiddleware.Invoke(HttpContext httpContext)
   at Microsoft.AspNetCore.Authorization.AuthorizationMiddleware.Invoke(HttpContext context)
   at Microsoft.AspNetCore.Authentication.AuthenticationMiddleware.Invoke(HttpContext context)
   at Swashbuckle.AspNetCore.SwaggerUI.SwaggerUIMiddleware.Invoke(HttpContext httpContext)
   at Swashbuckle.AspNetCore.Swagger.SwaggerMiddleware.Invoke(HttpContext httpContext, ISwaggerProvider swaggerProvider)
   at Microsoft.AspNetCore.Diagnostics.DeveloperExceptionPageMiddlewareImpl.Invoke(HttpContext context)
[12:05:44 ERR] An unhandled exception has occurred while executing the request.
System.InvalidCastException: Unable to cast object of type 'Newtonsoft.Json.Linq.JValue' to type 'Newtonsoft.Json.Linq.JObject'.
   at App.Site.Data.FeedBacks.lmp.FeedBackManager.GetsalesId() in D:\Appservice\src\Services\Site\src\App.Site.Data\FeedBacks\lmp\FeedBackManager.cs:line 92
   at App.Site.Core.RepositoryFeedBooks.AddGuestBook(AddGuestBook books) in D:\Appservice\src\Services\Site\src\App.Site.Core\RepositoryFeedBooks.cs:line 59
   at App.Site.Controllers.FeedBack.AddBooks(AddGuestBook book) in D:\Appservice\src\Services\Site\src\App.Site\Controllers\FeedBack.cs:line 23
   at lambda_method6(Closure, Object)
   at Microsoft.AspNetCore.Mvc.Infrastructure.ActionMethodExecutor.AwaitableObjectResultExecutor.Execute(ActionContext actionContext, IActionResultTypeMapper mapper, ObjectMethodExecutor executor, Object controller, Object[] arguments)
   at Microsoft.AspNetCore.Mvc.Infrastructure.ControllerActionInvoker.<InvokeActionMethodAsync>g__Logged|12_1(ControllerActionInvoker invoker)
   at Microsoft.AspNetCore.Mvc.Infrastructure.ControllerActionInvoker.<InvokeNextActionFilterAsync>g__Awaited|10_0(ControllerActionInvoker invoker, Task lastTask, State next, Scope scope, Object state, Boolean isCompleted)
   at Microsoft.AspNetCore.Mvc.Infrastructure.ControllerActionInvoker.Rethrow(ActionExecutedContextSealed context)
   at Microsoft.AspNetCore.Mvc.Infrastructure.ControllerActionInvoker.Next(State& next, Scope& scope, Object& state, Boolean& isCompleted)
   at Microsoft.AspNetCore.Mvc.Infrastructure.ControllerActionInvoker.<InvokeInnerFilterAsync>g__Awaited|13_0(ControllerActionInvoker invoker, Task lastTask, State next, Scope scope, Object state, Boolean isCompleted)
   at Microsoft.AspNetCore.Mvc.Infrastructure.ResourceInvoker.<InvokeFilterPipelineAsync>g__Awaited|20_0(ResourceInvoker invoker, Task lastTask, State next, Scope scope, Object state, Boolean isCompleted)
   at Microsoft.AspNetCore.Mvc.Infrastructure.ResourceInvoker.<InvokeAsync>g__Logged|17_1(ResourceInvoker invoker)
   at Microsoft.AspNetCore.Mvc.Infrastructure.ResourceInvoker.<InvokeAsync>g__Logged|17_1(ResourceInvoker invoker)
   at Microsoft.AspNetCore.Routing.EndpointMiddleware.<Invoke>g__AwaitRequestTask|6_0(Endpoint endpoint, Task requestTask, ILogger logger)
   at Swashbuckle.AspNetCore.SwaggerUI.SwaggerUIMiddleware.Invoke(HttpContext httpContext)
   at Microsoft.AspNetCore.Authorization.AuthorizationMiddleware.Invoke(HttpContext context)
   at Microsoft.AspNetCore.Authentication.AuthenticationMiddleware.Invoke(HttpContext context)
   at Swashbuckle.AspNetCore.SwaggerUI.SwaggerUIMiddleware.Invoke(HttpContext httpContext)
   at Swashbuckle.AspNetCore.Swagger.SwaggerMiddleware.Invoke(HttpContext httpContext, ISwaggerProvider swaggerProvider)
   at Microsoft.AspNetCore.Diagnostics.DeveloperExceptionPageMiddlewareImpl.Invoke(HttpContext context)
